生成启动时间为 2018/4/16 11:33:36。
     1>项目“E:\03_GxGit\GxFramework\tools\simulator\libsimulator\proj.win32\libsimulator.vcxproj”在节点 5 上(Build 个目标)。
     1>PreBuildEvent:
         if not exist "E:\03_GxGit\GxFramework\tools\simulator\frameworks\runtime-src\proj.win32\Debug.win32\" mkdir "E:\03_GxGit\GxFramework\tools\simulator\frameworks\runtime-src\proj.win32\Debug.win32\"
         :VCEnd
       Lib:
         C:\Program Files (x86)\Microsoft Visual Studio 12.0\VC\bin\Lib.exe /OUT:"E:\03_GxGit\GxFramework\tools\simulator\frameworks\runtime-src\proj.win32\Debug.win32\libsimulator.lib" /NOLOGO Debug.win32\CCHTTPRequest.obj
         "Debug.win32\DeviceEx-win32.obj"
         Debug.win32\PlayerEditBoxServiceWin.obj
         Debug.win32\PlayerFileDialogServiceWin.obj
         Debug.win32\PlayerMenuServiceWin.obj
         Debug.win32\PlayerMessageBoxServiceWin.obj
         Debug.win32\PlayerTaskServiceWin.obj
         Debug.win32\PlayerWin.obj
         Debug.win32\ProjectConfig.obj
         Debug.win32\SimulatorConfig.obj
         Debug.win32\AppEvent.obj
         Debug.win32\AppLang.obj
         Debug.win32\PlayerMenuServiceProtocol.obj
         Debug.win32\PlayerProtocol.obj
         Debug.win32\PlayerServiceProtocol.obj
         Debug.win32\PlayerSettings.obj
         Debug.win32\PlayerTaskServiceProtocol.obj
         Debug.win32\PlayerUtils.obj
         Debug.win32\extension_set.obj
         Debug.win32\generated_message_util.obj
         Debug.win32\coded_stream.obj
         Debug.win32\zero_copy_stream.obj
         Debug.win32\zero_copy_stream_impl_lite.obj
         Debug.win32\message_lite.obj
         Debug.win32\repeated_field.obj
         Debug.win32\atomicops_internals_x86_gcc.obj
         Debug.win32\atomicops_internals_x86_msvc.obj
         Debug.win32\common.obj
         Debug.win32\once.obj
         Debug.win32\stringprintf.obj
         Debug.win32\wire_format_lite.obj
         Debug.win32\ConfigParser.obj
         Debug.win32\ConnectWaitLayer.obj
         Debug.win32\ConsoleCommand.obj
         Debug.win32\FileServer.obj
         Debug.win32\Landscape_png.obj
         Debug.win32\PlayDisable_png.obj
         Debug.win32\PlayEnable_png.obj
         Debug.win32\Portrait_png.obj
         Debug.win32\Protos.pb.obj
         Debug.win32\Runtime.obj
         Debug.win32\RuntimeCCSImpl.obj
         Debug.win32\RuntimeProtocol.obj
         Debug.win32\Shine_png.obj
         Debug.win32\VisibleRect.obj
         Debug.win32\Runtime_win32.obj
         Debug.win32\stdafx.obj
     1>PlayDisable_png.obj : warning LNK4221: 此对象文件未定义任何之前未定义的公共符号，因此任何耗用此库的链接操作都不会使用此文件
     1>atomicops_internals_x86_gcc.obj : warning LNK4221: 此对象文件未定义任何之前未定义的公共符号，因此任何耗用此库的链接操作都不会使用此文件
     1>PlayerUtils.obj : warning LNK4221: 此对象文件未定义任何之前未定义的公共符号，因此任何耗用此库的链接操作都不会使用此文件
     1>PlayerSettings.obj : warning LNK4221: 此对象文件未定义任何之前未定义的公共符号，因此任何耗用此库的链接操作都不会使用此文件
     1>PlayerServiceProtocol.obj : warning LNK4221: 此对象文件未定义任何之前未定义的公共符号，因此任何耗用此库的链接操作都不会使用此文件
         libsimulator.vcxproj -> E:\03_GxGit\GxFramework\tools\simulator\frameworks\runtime-src\proj.win32\Debug.win32\libsimulator.lib
       PostBuildEvent:
         xcopy /Y /Q "E:\03_GxGit\GxFramework\tools\simulator\libsimulator\proj.win32\..\lib\lang" "E:\03_GxGit\GxFramework\tools\simulator\frameworks\runtime-src\proj.win32\Debug.win32\"
         :VCEnd
         复制了 1 个文件
     1>已完成生成项目“E:\03_GxGit\GxFramework\tools\simulator\libsimulator\proj.win32\libsimulator.vcxproj”(Build 个目标)的操作。

生成成功。

已用时间 00:00:01.35
